{
"C:\\projects\\angular2\\seeds\\Angular2-Self-Learning\\02-grids\\src\\app\\app.component.ts":{"path":"C:\\projects\\angular2\\seeds\\Angular2-Self-Learning\\02-grids\\src\\app\\app.component.ts","s":{"1":1,"2":1,"3":1,"4":1,"5":0,"6":1,"7":1,"8":1},"b":{},"f":{"1":1,"2":0},"fnMap":{"1":{"name":"(anonymous_1)","line":4,"loc":{"start":{"line":4,"column":20},"end":{"line":4,"column":32}}},"2":{"name":"AppComponent","line":5,"loc":{"start":{"line":5,"column":4},"end":{"line":5,"column":28}}}},"statementMap":{"1":{"start":{"line":2,"column":0},"end":{"line":2,"column":38}},"2":{"start":{"line":3,"column":0},"end":{"line":3,"column":29}},"3":{"start":{"line":4,"column":0},"end":{"line":17,"column":5}},"4":{"start":{"line":5,"column":4},"end":{"line":7,"column":5}},"5":{"start":{"line":6,"column":8},"end":{"line":6,"column":30}},"6":{"start":{"line":8,"column":4},"end":{"line":15,"column":21}},"7":{"start":{"line":16,"column":4},"end":{"line":16,"column":24}},"8":{"start":{"line":18,"column":0},"end":{"line":18,"column":36}}},"branchMap":{},"code":["\"use strict\";","var core_1 = require('@angular/core');","require('../style/app.scss');","var AppComponent = (function () {","    function AppComponent() {","        this.name = \"Lei Hua\";","    }","    AppComponent = __decorate([","        core_1.Component({","            selector: 'my-app',","            template: require('./app.component.html'),","            styles: [require('./app.component.scss')],","        }), ","        __metadata('design:paramtypes', [])","    ], AppComponent);","    return AppComponent;","}());","exports.AppComponent = AppComponent;","//# sourceMappingURL=data:application/json;base64,eyJ2ZXJzaW9uIjozLCJmaWxlIjoiYXBwLmNvbXBvbmVudC5qcyIsInNvdXJjZVJvb3QiOiJDOi9wcm9qZWN0cy9hbmd1bGFyMi9zZWVkcy9Bbmd1bGFyMi1TZWxmLUxlYXJuaW5nLzAyLWdyaWRzL3NyYy8iLCJzb3VyY2VzIjpbImFwcC9hcHAuY29tcG9uZW50LnRzIl0sIm5hbWVzIjpbXSwibWFwcGluZ3MiOiI7QUFBQSxxQkFBMEIsZUFBZSxDQUFDLENBQUE7QUFDMUMsUUFBTyxtQkFBbUIsQ0FBQyxDQUFBO0FBTzNCO0lBQUE7UUFDRSxTQUFJLEdBQUcsU0FBUyxDQUFDO0lBRW5CLENBQUM7SUFSRDtRQUFDLGdCQUFTLENBQUM7WUFDVCxRQUFRLEVBQUUsUUFBUTtZQUNsQixRQUFRLEVBQUUsT0FBTyxDQUFDLHNCQUFzQixDQUFDO1lBQ3pDLE1BQU0sRUFBRSxDQUFDLE9BQU8sQ0FBQyxzQkFBc0IsQ0FBQyxDQUFDO1NBQzFDLENBQUM7O29CQUFBO0lBSUYsbUJBQUM7QUFBRCxDQUFDLEFBSEQsSUFHQztBQUhZLG9CQUFZLGVBR3hCLENBQUEifQ=="],"l":{"2":1,"3":1,"4":1,"5":1,"6":0,"8":1,"16":1,"18":1}}}
